<?xml version="1.0" encoding="UTF-8"?><testsuite errors="0" failures="0" name="com.massgenie.features.search.SearchByKeywordStory" skipped="1" tests="3" time="17.96" timestamp="2019-07-29T22:42:28.021881800+07:00[Asia/Saigon]"><testcase classname="com.massgenie.features.search.SearchByKeywordStory" name="Searching by keyword banana should display the corresponding article"/><testcase classname="com.massgenie.features.search.SearchByKeywordStory" name="Searching by ambiguious keyword should display the disambiguation page"><skipped/></testcase><testcase classname="com.massgenie.features.search.SearchByKeywordStory" name="Searching by keyword apple should display the corresponding article"/></testsuite>